Build started 2020-02-28 18:51:57.
     1>Project "C:\Users\Lenovooo\Documents\Visual Studio 2013\Projects\PEA3\PEA3\PEA3.vcxproj" on node 2 (Build target(s)).
     1>ClCompile:
         C:\Program Files (x86)\Microsoft Visual Studio 12.0\VC\bin\CL.exe /c /ZI /nologo /W3 /WX- /sdl /Od /Oy- /D WIN32 /D _DEBUG /D _CONSOLE /D _LIB /D _UNICODE /D UNICODE /Gm /EHsc /RTC1 /MDd /GS /fp:precise /Zc:wchar_t /Zc:forScope /Yu"stdafx.h" /Fp"Debug\PEA3.pch" /Fo"Debug\\" /Fd"Debug\vc120.pdb" /Gd /TP /analyze- /errorReport:prompt PEA3.cpp
         PEA3.cpp
     1>c:\users\lenovooo\documents\visual studio 2013\projects\pea3\pea3\pea3.cpp(6): warning C4067: unexpected tokens following preprocessor directive - expected a newline
     1>c:\users\lenovooo\documents\visual studio 2013\projects\pea3\pea3\genetyczny.h(45): warning C4305: 'initializing' : truncation from 'double' to 'float'
     1>c:\users\lenovooo\documents\visual studio 2013\projects\pea3\pea3\genetyczny.h(46): warning C4305: 'initializing' : truncation from 'double' to 'float'
     1>c:\users\lenovooo\documents\visual studio 2013\projects\pea3\pea3\genetyczny.h(145): warning C4018: '<' : signed/unsigned mismatch
     1>c:\users\lenovooo\documents\visual studio 2013\projects\pea3\pea3\genetyczny.h(228): warning C4244: 'argument' : conversion from 'time_t' to 'unsigned int', possible loss of data
     1>c:\users\lenovooo\documents\visual studio 2013\projects\pea3\pea3\genetyczny.h(241): warning C4244: 'initializing' : conversion from 'float' to 'int', possible loss of data
     1>c:\users\lenovooo\documents\visual studio 2013\projects\pea3\pea3\genetyczny.h(243): warning C4305: '=' : truncation from '__int64' to 'int'
     1>c:\users\lenovooo\documents\visual studio 2013\projects\pea3\pea3\genetyczny.h(243): warning C4309: '=' : truncation of constant value
     1>c:\users\lenovooo\documents\visual studio 2013\projects\pea3\pea3\genetyczny.h(401): warning C4018: '<' : signed/unsigned mismatch
     1>c:\users\lenovooo\documents\visual studio 2013\projects\pea3\pea3\genetyczny.h(422): warning C4305: '=' : truncation from '__int64' to 'int'
     1>c:\users\lenovooo\documents\visual studio 2013\projects\pea3\pea3\genetyczny.h(422): warning C4309: '=' : truncation of constant value
     1>c:\users\lenovooo\documents\visual studio 2013\projects\pea3\pea3\genetyczny.h(423): warning C4018: '<' : signed/unsigned mismatch
     1>c:\users\lenovooo\documents\visual studio 2013\projects\pea3\pea3\genetyczny.h(442): warning C4101: 'best' : unreferenced local variable
     1>c:\users\lenovooo\documents\visual studio 2013\projects\pea3\pea3\genetyczny.h(442): warning C4101: 'ii' : unreferenced local variable
     1>c:\users\lenovooo\documents\visual studio 2013\projects\pea3\pea3\menu.h(62): warning C4244: '=' : conversion from 'float' to 'int', possible loss of data
     1>c:\users\lenovooo\documents\visual studio 2013\projects\pea3\pea3\pea3.cpp(14): warning C4244: 'argument' : conversion from 'time_t' to 'unsigned int', possible loss of data
       Link:
         C:\Program Files (x86)\Microsoft Visual Studio 12.0\VC\bin\link.exe /ERRORREPORT:PROMPT /OUT:"C:\Users\Lenovooo\Documents\Visual Studio 2013\Projects\PEA3\Debug\PEA3.exe" /INCREMENTAL /NOLOGO kernel32.lib user32.lib gdi32.lib winspool.lib comdlg32.lib advapi32.lib shell32.lib ole32.lib oleaut32.lib uuid.lib odbc32.lib odbccp32.lib /MANIFEST /MANIFESTUAC:"level='asInvoker' uiAccess='false'" /manifest:embed /DEBUG /PDB:"C:\Users\Lenovooo\Documents\Visual Studio 2013\Projects\PEA3\Debug\PEA3.pdb" /SUBSYSTEM:CONSOLE /TLBID:1 /DYNAMICBASE /NXCOMPAT /IMPLIB:"C:\Users\Lenovooo\Documents\Visual Studio 2013\Projects\PEA3\Debug\PEA3.lib" /MACHINE:X86 Debug\PEA3.obj
         Debug\stdafx.obj
         PEA3.vcxproj -> C:\Users\Lenovooo\Documents\Visual Studio 2013\Projects\PEA3\Debug\PEA3.exe
     1>Done Building Project "C:\Users\Lenovooo\Documents\Visual Studio 2013\Projects\PEA3\PEA3\PEA3.vcxproj" (Build target(s)).

Build succeeded.

Time Elapsed 00:00:21.42
